<?xml version="1.0" encoding="UTF-8" ?>
<testsuite tests="30" failures="0" name="cucumberoptions.TestRunner" time="0.017" errors="0" skipped="0">
  <properties>
[...]
</properties>
  <testcase classname="Scenario: Respueta de microservicio exitosa" name="Given Que el microservicio de consulta de saldos y consumos se encuentra operativo" time="0.001"/>
  <testcase classname="Scenario: Respueta de microservicio exitosa" name="Given Que se consume el microservicio de consulta de saldos y consumos" time="0"/>
  <testcase classname="Scenario: Respueta de microservicio exitosa" name="When Se envía una solicitud al microservicio correcta" time="0"/>
  <testcase classname="Scenario: Respueta de microservicio exitosa" name="Then el microservicio genera una respuesta exitosa" time="0"/>
  <testcase classname="Scenario: Respueta de microservicio exitosa" name="Scenario: Respueta de microservicio exitosa" time="0.002"/>
  <testcase classname="| http://10.112.229.140:9011/Customer/ChargeCalculationAndBalanceManagement/BalanceManagement/ManageBalanceOperations/v3 | ns2:queryOCSBalancesAndBoltonsResponse | ns2:showBalances | false |" name="Given Que el microservicio de consulta de saldos y consumos se encuentra operativo" time="0"/>
  <testcase classname="| http://10.112.229.140:9011/Customer/ChargeCalculationAndBalanceManagement/BalanceManagement/ManageBalanceOperations/v3 | ns2:queryOCSBalancesAndBoltonsResponse | ns2:showBalances | false |" name="Given Que se consume el microservicio de consulta de saldos y consumos 2" time="0"/>
  <testcase classname="| http://10.112.229.140:9011/Customer/ChargeCalculationAndBalanceManagement/BalanceManagement/ManageBalanceOperations/v3 | ns2:queryOCSBalancesAndBoltonsResponse | ns2:showBalances | false |" name="When Se envía una solicitud al microservicio http://10.112.229.140:9011/Customer/ChargeCalculationAndBalanceManagement/BalanceManagement/ManageBalanceOperations/v3 correcta  con ns2:queryOCSBalancesAndBoltonsResponse" time="0"/>
  <testcase classname="| http://10.112.229.140:9011/Customer/ChargeCalculationAndBalanceManagement/BalanceManagement/ManageBalanceOperations/v3 | ns2:queryOCSBalancesAndBoltonsResponse | ns2:showBalances | false |" name="Then el microservicio genera una respuesta del tag ns2:showBalances exitosa false" time="0"/>
  <testcase classname="| http://10.112.229.140:9011/Customer/ChargeCalculationAndBalanceManagement/BalanceManagement/ManageBalanceOperations/v3 | ns2:queryOCSBalancesAndBoltonsResponse | ns2:showBalances | false |" name="| http://10.112.229.140:9011/Customer/ChargeCalculationAndBalanceManagement/BalanceManagement/ManageBalanceOperations/v3 | ns2:queryOCSBalancesAndBoltonsResponse | ns2:showBalances | false |" time="0.001"/>
  <testcase classname="| http://10.112.229.140:9011/Customer/ChargeCalculationAndBalanceManagement/BalanceManagement/ManageBalanceOperations/v3 | ns3:subscriberBalance | ns3:type | SaldoRecargas |" name="Given Que el microservicio de consulta de saldos y consumos se encuentra operativo" time="0"/>
  <testcase classname="| http://10.112.229.140:9011/Customer/ChargeCalculationAndBalanceManagement/BalanceManagement/ManageBalanceOperations/v3 | ns3:subscriberBalance | ns3:type | SaldoRecargas |" name="Given Que se consume el microservicio de consulta de saldos y consumos 2" time="0"/>
  <testcase classname="| http://10.112.229.140:9011/Customer/ChargeCalculationAndBalanceManagement/BalanceManagement/ManageBalanceOperations/v3 | ns3:subscriberBalance | ns3:type | SaldoRecargas |" name="When Se envía una solicitud al microservicio http://10.112.229.140:9011/Customer/ChargeCalculationAndBalanceManagement/BalanceManagement/ManageBalanceOperations/v3 correcta  con ns3:subscriberBalance" time="0.001"/>
  <testcase classname="| http://10.112.229.140:9011/Customer/ChargeCalculationAndBalanceManagement/BalanceManagement/ManageBalanceOperations/v3 | ns3:subscriberBalance | ns3:type | SaldoRecargas |" name="Then el microservicio genera una respuesta del tag ns3:type exitosa SaldoRecargas" time="0.001"/>
  <testcase classname="| http://10.112.229.140:9011/Customer/ChargeCalculationAndBalanceManagement/BalanceManagement/ManageBalanceOperations/v3 | ns3:subscriberBalance | ns3:type | SaldoRecargas |" name="| http://10.112.229.140:9011/Customer/ChargeCalculationAndBalanceManagement/BalanceManagement/ManageBalanceOperations/v3 | ns3:subscriberBalance | ns3:type | SaldoRecargas |" time="0.003"/>
  <testcase classname="| http://10.112.229.140:9011/Customer/ChargeCalculationAndBalanceManagement/BalanceManagement/ManageBalanceOperations/v3 | ns6:subscriberBolton | ns6:subscriberBoltonId | X93 |" name="Given Que el microservicio de consulta de saldos y consumos se encuentra operativo" time="0"/>
  <testcase classname="| http://10.112.229.140:9011/Customer/ChargeCalculationAndBalanceManagement/BalanceManagement/ManageBalanceOperations/v3 | ns6:subscriberBolton | ns6:subscriberBoltonId | X93 |" name="Given Que se consume el microservicio de consulta de saldos y consumos 2" time="0.001"/>
  <testcase classname="| http://10.112.229.140:9011/Customer/ChargeCalculationAndBalanceManagement/BalanceManagement/ManageBalanceOperations/v3 | ns6:subscriberBolton | ns6:subscriberBoltonId | X93 |" name="When Se envía una solicitud al microservicio http://10.112.229.140:9011/Customer/ChargeCalculationAndBalanceManagement/BalanceManagement/ManageBalanceOperations/v3 correcta  con ns6:subscriberBolton" time="0"/>
  <testcase classname="| http://10.112.229.140:9011/Customer/ChargeCalculationAndBalanceManagement/BalanceManagement/ManageBalanceOperations/v3 | ns6:subscriberBolton | ns6:subscriberBoltonId | X93 |" name="Then el microservicio genera una respuesta del tag ns6:subscriberBoltonId exitosa X93" time="0"/>
  <testcase classname="| http://10.112.229.140:9011/Customer/ChargeCalculationAndBalanceManagement/BalanceManagement/ManageBalanceOperations/v3 | ns6:subscriberBolton | ns6:subscriberBoltonId | X93 |" name="| http://10.112.229.140:9011/Customer/ChargeCalculationAndBalanceManagement/BalanceManagement/ManageBalanceOperations/v3 | ns6:subscriberBolton | ns6:subscriberBoltonId | X93 |" time="0.002"/>
  <testcase classname="| true | ns2:subscriberBalancesList | true |" name="Given Que el microservicio de consulta de saldos y consumos se encuentra operativo" time="0"/>
  <testcase classname="| true | ns2:subscriberBalancesList | true |" name="Given Se consume el microservicio" time="0"/>
  <testcase classname="| true | ns2:subscriberBalancesList | true |" name="When Se envia la solicitud al tag getBalances con el estado true" time="0"/>
  <testcase classname="| true | ns2:subscriberBalancesList | true |" name="Then el microservicio responde en este tag ns2:subscriberBalancesList este estado true" time="0"/>
  <testcase classname="| true | ns2:subscriberBalancesList | true |" name="| true | ns2:subscriberBalancesList | true |" time="0.001"/>
  <testcase classname="| false | ns2:subscriberBalancesList | false |" name="Given Que el microservicio de consulta de saldos y consumos se encuentra operativo" time="0"/>
  <testcase classname="| false | ns2:subscriberBalancesList | false |" name="Given Se consume el microservicio" time="0"/>
  <testcase classname="| false | ns2:subscriberBalancesList | false |" name="When Se envia la solicitud al tag getBalances con el estado false" time="0"/>
  <testcase classname="| false | ns2:subscriberBalancesList | false |" name="Then el microservicio responde en este tag ns2:subscriberBalancesList este estado false" time="0.001"/>
  <testcase classname="| false | ns2:subscriberBalancesList | false |" name="| false | ns2:subscriberBalancesList | false |" time="0.003"/>
</testsuite>